<?xml version="1.0" encoding="UTF-8"?>
<testsuite xmlns:xsi="http://www.w3.org/2001/XMLSchema-instance" xsi:noNamespaceSchemaLocation="https://maven.apache.org/surefire/maven-surefire-plugin/xsd/surefire-test-report.xsd" version="3.0.2" name="com.caa.gateway.config.WhitelistConfigTest" time="0.143" tests="4" errors="0" skipped="0" failures="0" flakes="0">
  <properties>
[...]
</properties>
  <testcase name="exactPathMatch_returnsTrue" classname="com.caa.gateway.config.WhitelistConfigTest" time="0.084"/>
  <testcase name="wildcardPath_matches" classname="com.caa.gateway.config.WhitelistConfigTest" time="0.007"/>
  <testcase name="nullPath_returnsFalse" classname="com.caa.gateway.config.WhitelistConfigTest" time="0.005"/>
  <testcase name="nonWhitelistedPath_returnsFalse" classname="com.caa.gateway.config.WhitelistConfigTest" time="0.003"/>
</testsuite>